/u/s/i/sinclair/courses/cs552/spring2023/handouts/testprograms/public/inst_tests/add_0.asm SUCCESS CPI:8.7 CYCLES:78 ICOUNT:9 IHITRATE: 89.7 DHITRATE: 135.0
/u/s/i/sinclair/courses/cs552/spring2023/handouts/testprograms/public/inst_tests/add_1.asm SUCCESS CPI:8.0 CYCLES:32 ICOUNT:4 IHITRATE: 77.8 DHITRATE: 95.5
/u/s/i/sinclair/courses/cs552/spring2023/handouts/testprograms/public/inst_tests/add_2.asm SUCCESS CPI:8.0 CYCLES:32 ICOUNT:4 IHITRATE: 77.8 DHITRATE: 95.5
/u/s/i/sinclair/courses/cs552/spring2023/handouts/testprograms/public/inst_tests/addi_0.asm SUCCESS CPI:10.0 CYCLES:30 ICOUNT:3 IHITRATE: 75.0 DHITRATE: 95.0
/u/s/i/sinclair/courses/cs552/spring2023/handouts/testprograms/public/inst_tests/addi_1.asm SUCCESS CPI:12.0 CYCLES:36 ICOUNT:3 IHITRATE: 81.8 DHITRATE: 89.5
/u/s/i/sinclair/courses/cs552/spring2023/handouts/testprograms/public/inst_tests/addi_2.asm SUCCESS CPI:12.0 CYCLES:36 ICOUNT:3 IHITRATE: 81.8 DHITRATE: 94.4
/u/s/i/sinclair/courses/cs552/spring2023/handouts/testprograms/public/inst_tests/addi_3.asm SUCCESS CPI:9.5 CYCLES:38 ICOUNT:4 IHITRATE: 83.3 DHITRATE: 84.6
/u/s/i/sinclair/courses/cs552/spring2023/handouts/testprograms/public/inst_tests/andn_0.asm SUCCESS CPI:7.0 CYCLES:42 ICOUNT:6 IHITRATE: 85.7 DHITRATE: 104.5
/u/s/i/sinclair/courses/cs552/spring2023/handouts/testprograms/public/inst_tests/andn_1.asm SUCCESS CPI:7.0 CYCLES:42 ICOUNT:6 IHITRATE: 85.7 DHITRATE: 100.0
/u/s/i/sinclair/courses/cs552/spring2023/handouts/testprograms/public/inst_tests/andn_2.asm SUCCESS CPI:10.0 CYCLES:30 ICOUNT:3 IHITRATE: 75.0 DHITRATE: 95.0
/u/s/i/sinclair/courses/cs552/spring2023/handouts/testprograms/public/inst_tests/andni_0.asm SUCCESS CPI:10.0 CYCLES:30 ICOUNT:3 IHITRATE: 75.0 DHITRATE: 95.0
/u/s/i/sinclair/courses/cs552/spring2023/handouts/testprograms/public/inst_tests/andni_1.asm SUCCESS CPI:10.0 CYCLES:30 ICOUNT:3 IHITRATE: 75.0 DHITRATE: 95.0
/u/s/i/sinclair/courses/cs552/spring2023/handouts/testprograms/public/inst_tests/andni_2.asm SUCCESS CPI:12.0 CYCLES:36 ICOUNT:3 IHITRATE: 81.8 DHITRATE: 94.4
/u/s/i/sinclair/courses/cs552/spring2023/handouts/testprograms/public/inst_tests/andni_3.asm SUCCESS CPI:12.0 CYCLES:36 ICOUNT:3 IHITRATE: 81.8 DHITRATE: 89.5
/u/s/i/sinclair/courses/cs552/spring2023/handouts/testprograms/public/inst_tests/andni_4.asm SUCCESS CPI:12.0 CYCLES:36 ICOUNT:3 IHITRATE: 81.8 DHITRATE: 89.5
/u/s/i/sinclair/courses/cs552/spring2023/handouts/testprograms/public/inst_tests/beqz_0.asm SUCCESS CPI:6.6 CYCLES:66 ICOUNT:10 IHITRATE: 80.0 DHITRATE: 117.5
/u/s/i/sinclair/courses/cs552/spring2023/handouts/testprograms/public/inst_tests/bgez_1.asm SUCCESS CPI:5.6 CYCLES:162 ICOUNT:29 IHITRATE: 95.8 DHITRATE: 120.5
/u/s/i/sinclair/courses/cs552/spring2023/handouts/testprograms/public/inst_tests/bgez_2.asm SUCCESS CPI:15.9 CYCLES:48 ICOUNT:3 IHITRATE: 78.6 DHITRATE: 93.5
/u/s/i/sinclair/courses/cs552/spring2023/handouts/testprograms/public/inst_tests/bgez_3.asm SUCCESS CPI:15.9 CYCLES:48 ICOUNT:3 IHITRATE: 78.6 DHITRATE: 131.8
/u/s/i/sinclair/courses/cs552/spring2023/handouts/testprograms/public/inst_tests/bgez_4.asm SUCCESS CPI:7.4 CYCLES:52 ICOUNT:7 IHITRATE: 81.2 DHITRATE: 113.6
/u/s/i/sinclair/courses/cs552/spring2023/handouts/testprograms/public/inst_tests/bgez_5.asm SUCCESS CPI:11.6 CYCLES:58 ICOUNT:5 IHITRATE: 84.2 DHITRATE: 100.0
/u/s/i/sinclair/courses/cs552/spring2023/handouts/testprograms/public/inst_tests/bgez_6.asm SUCCESS CPI:7.2 CYCLES:36 ICOUNT:5 IHITRATE: 81.8 DHITRATE: 106.2
/u/s/i/sinclair/courses/cs552/spring2023/handouts/testprograms/public/inst_tests/bgez_7.asm SUCCESS CPI:24.0 CYCLES:120 ICOUNT:5 IHITRATE: 77.1 DHITRATE: 114.8
/u/s/i/sinclair/courses/cs552/spring2023/handouts/testprograms/public/inst_tests/bgez_8.asm SUCCESS CPI:12.5 CYCLES:50 ICOUNT:4 IHITRATE: 80.0 DHITRATE: 88.5
/u/s/i/sinclair/courses/cs552/spring2023/handouts/testprograms/public/inst_tests/bgez_9.asm SUCCESS CPI:10.3 CYCLES:62 ICOUNT:6 IHITRATE: 77.8 DHITRATE: 122.9
/u/s/i/sinclair/courses/cs552/spring2023/handouts/testprograms/public/inst_tests/bltz_0.asm SUCCESS CPI:14.0 CYCLES:42 ICOUNT:3 IHITRATE: 85.7 DHITRATE: 95.8
/u/s/i/sinclair/courses/cs552/spring2023/handouts/testprograms/public/inst_tests/bltz_1.asm SUCCESS CPI:10.0 CYCLES:40 ICOUNT:4 IHITRATE: 84.6 DHITRATE: 81.2
/u/s/i/sinclair/courses/cs552/spring2023/handouts/testprograms/public/inst_tests/bltz_2.asm SUCCESS CPI:10.0 CYCLES:40 ICOUNT:4 IHITRATE: 84.6 DHITRATE: 91.3
/u/s/i/sinclair/courses/cs552/spring2023/handouts/testprograms/public/inst_tests/bltz_3.asm SUCCESS CPI:14.0 CYCLES:42 ICOUNT:3 IHITRATE: 85.7 DHITRATE: 115.0
/u/s/i/sinclair/courses/cs552/spring2023/handouts/testprograms/public/inst_tests/bnez_0.asm SUCCESS CPI:14.9 CYCLES:30 ICOUNT:2 IHITRATE: 75.0 DHITRATE: 95.0
/u/s/i/sinclair/courses/cs552/spring2023/handouts/testprograms/public/inst_tests/bnez_2.asm SUCCESS CPI:16.9 CYCLES:34 ICOUNT:2 IHITRATE: 80.0 DHITRATE: 104.5
/u/s/i/sinclair/courses/cs552/spring2023/handouts/testprograms/public/inst_tests/bnez_3.asm SUCCESS CPI:19.9 CYCLES:40 ICOUNT:2 IHITRATE: 70.0 DHITRATE: 91.3
/u/s/i/sinclair/courses/cs552/spring2023/handouts/testprograms/public/inst_tests/bnez_4.asm SUCCESS CPI:16.9 CYCLES:34 ICOUNT:2 IHITRATE: 80.0 DHITRATE: 143.8
/u/s/i/sinclair/courses/cs552/spring2023/handouts/testprograms/public/inst_tests/bnez_5.asm SUCCESS CPI:12.6 CYCLES:38 ICOUNT:3 IHITRATE: 83.3 DHITRATE: 96.4
/u/s/i/sinclair/courses/cs552/spring2023/handouts/testprograms/public/inst_tests/bnez_6.asm SUCCESS CPI:12.0 CYCLES:36 ICOUNT:3 IHITRATE: 81.8 DHITRATE: 104.2
/u/s/i/sinclair/courses/cs552/spring2023/handouts/testprograms/public/inst_tests/btr_0.asm SUCCESS CPI:8.0 CYCLES:32 ICOUNT:4 IHITRATE: 77.8 DHITRATE: 95.5
/u/s/i/sinclair/courses/cs552/spring2023/handouts/testprograms/public/inst_tests/btr_1.asm SUCCESS CPI:9.5 CYCLES:38 ICOUNT:4 IHITRATE: 83.3 DHITRATE: 84.6
/u/s/i/sinclair/courses/cs552/spring2023/handouts/testprograms/public/inst_tests/btr_2.asm SUCCESS CPI:9.5 CYCLES:38 ICOUNT:4 IHITRATE: 83.3 DHITRATE: 84.6
/u/s/i/sinclair/courses/cs552/spring2023/handouts/testprograms/public/inst_tests/btr_3.asm SUCCESS CPI:9.5 CYCLES:38 ICOUNT:4 IHITRATE: 83.3 DHITRATE: 84.6
/u/s/i/sinclair/courses/cs552/spring2023/handouts/testprograms/public/inst_tests/btr_4.asm SUCCESS CPI:9.5 CYCLES:38 ICOUNT:4 IHITRATE: 83.3 DHITRATE: 84.6
/u/s/i/sinclair/courses/cs552/spring2023/handouts/testprograms/public/inst_tests/btr_5.asm SUCCESS CPI:9.5 CYCLES:38 ICOUNT:4 IHITRATE: 83.3 DHITRATE: 84.6
/u/s/i/sinclair/courses/cs552/spring2023/handouts/testprograms/public/inst_tests/btr_6.asm SUCCESS CPI:9.5 CYCLES:38 ICOUNT:4 IHITRATE: 83.3 DHITRATE: 84.6
/u/s/i/sinclair/courses/cs552/spring2023/handouts/testprograms/public/inst_tests/btr_7.asm SUCCESS CPI:9.5 CYCLES:38 ICOUNT:4 IHITRATE: 83.3 DHITRATE: 84.6
/u/s/i/sinclair/courses/cs552/spring2023/handouts/testprograms/public/inst_tests/btr_8.asm SUCCESS CPI:9.5 CYCLES:38 ICOUNT:4 IHITRATE: 83.3 DHITRATE: 78.6
/u/s/i/sinclair/courses/cs552/spring2023/handouts/testprograms/public/inst_tests/halt_0.asm SUCCESS CPI:19.8 CYCLES:20 ICOUNT:1 IHITRATE: 83.3 DHITRATE: 90.0
/u/s/i/sinclair/courses/cs552/spring2023/handouts/testprograms/public/inst_tests/j_0.asm SUCCESS CPI:14.0 CYCLES:56 ICOUNT:4 IHITRATE: 90.5 DHITRATE: 90.6
/u/s/i/sinclair/courses/cs552/spring2023/handouts/testprograms/public/inst_tests/j_1.asm SUCCESS CPI:14.0 CYCLES:56 ICOUNT:4 IHITRATE: 90.5 DHITRATE: 90.6
/u/s/i/sinclair/courses/cs552/spring2023/handouts/testprograms/public/inst_tests/j_2.asm SUCCESS CPI:16.9 CYCLES:34 ICOUNT:2 IHITRATE: 80.0 DHITRATE: 95.8
/u/s/i/sinclair/courses/cs552/spring2023/handouts/testprograms/public/inst_tests/j_3.asm SUCCESS CPI:31.7 CYCLES:32 ICOUNT:1 IHITRATE: 77.8 DHITRATE: 95.5
/u/s/i/sinclair/courses/cs552/spring2023/handouts/testprograms/public/inst_tests/j_4.asm SUCCESS CPI:11.2 CYCLES:56 ICOUNT:5 IHITRATE: 90.5 DHITRATE: 105.7
/u/s/i/sinclair/courses/cs552/spring2023/handouts/testprograms/public/inst_tests/jal_0.asm SUCCESS CPI:16.9 CYCLES:34 ICOUNT:2 IHITRATE: 80.0 DHITRATE: 95.8
/u/s/i/sinclair/courses/cs552/spring2023/handouts/testprograms/public/inst_tests/jal_1.asm SUCCESS CPI:16.6 CYCLES:50 ICOUNT:3 IHITRATE: 80.0 DHITRATE: 88.5
/u/s/i/sinclair/courses/cs552/spring2023/handouts/testprograms/public/inst_tests/jal_10.asm SUCCESS CPI:18.9 CYCLES:38 ICOUNT:2 IHITRATE: 66.7 DHITRATE: 90.5
/u/s/i/sinclair/courses/cs552/spring2023/handouts/testprograms/public/inst_tests/jal_11.asm SUCCESS CPI:8.3 CYCLES:50 ICOUNT:6 IHITRATE: 80.0 DHITRATE: 121.9
/u/s/i/sinclair/courses/cs552/spring2023/handouts/testprograms/public/inst_tests/jal_12.asm SUCCESS CPI:12.5 CYCLES:50 ICOUNT:4 IHITRATE: 88.9 DHITRATE: 93.9
/u/s/i/sinclair/courses/cs552/spring2023/handouts/testprograms/public/inst_tests/jal_15.asm SUCCESS CPI:12.9 CYCLES:26 ICOUNT:2 IHITRATE: 88.9 DHITRATE: 93.8
/u/s/i/sinclair/courses/cs552/spring2023/handouts/testprograms/public/inst_tests/jal_16.asm SUCCESS CPI:15.9 CYCLES:32 ICOUNT:2 IHITRATE: 77.8 DHITRATE: 86.7
/u/s/i/sinclair/courses/cs552/spring2023/handouts/testprograms/public/inst_tests/jal_17.asm SUCCESS CPI:14.6 CYCLES:44 ICOUNT:3 IHITRATE: 86.7 DHITRATE: 92.6
/u/s/i/sinclair/courses/cs552/spring2023/handouts/testprograms/public/inst_tests/jal_19.asm SUCCESS CPI:8.7 CYCLES:52 ICOUNT:6 IHITRATE: 81.2 DHITRATE: 94.3
/u/s/i/sinclair/courses/cs552/spring2023/handouts/testprograms/public/inst_tests/jal_2.asm SUCCESS CPI:16.9 CYCLES:34 ICOUNT:2 IHITRATE: 80.0 DHITRATE: 95.8
/u/s/i/sinclair/courses/cs552/spring2023/handouts/testprograms/public/inst_tests/jal_22.asm SUCCESS CPI:12.9 CYCLES:26 ICOUNT:2 IHITRATE: 88.9 DHITRATE: 93.8
/u/s/i/sinclair/courses/cs552/spring2023/handouts/testprograms/public/inst_tests/jal_24.asm SUCCESS CPI:18.9 CYCLES:38 ICOUNT:2 IHITRATE: 66.7 DHITRATE: 90.5
/u/s/i/sinclair/courses/cs552/spring2023/handouts/testprograms/public/inst_tests/jal_25.asm SUCCESS CPI:18.9 CYCLES:38 ICOUNT:2 IHITRATE: 66.7 DHITRATE: 90.5
/u/s/i/sinclair/courses/cs552/spring2023/handouts/testprograms/public/inst_tests/jal_26.asm SUCCESS CPI:14.0 CYCLES:84 ICOUNT:6 IHITRATE: 86.2 DHITRATE: 111.4
/u/s/i/sinclair/courses/cs552/spring2023/handouts/testprograms/public/inst_tests/jal_27.asm SUCCESS CPI:10.8 CYCLES:54 ICOUNT:5 IHITRATE: 90.0 DHITRATE: 90.0
/u/s/i/sinclair/courses/cs552/spring2023/handouts/testprograms/public/inst_tests/jal_28.asm SUCCESS CPI:12.9 CYCLES:26 ICOUNT:2 IHITRATE: 88.9 DHITRATE: 93.8
/u/s/i/sinclair/courses/cs552/spring2023/handouts/testprograms/public/inst_tests/jal_29.asm SUCCESS CPI:15.9 CYCLES:32 ICOUNT:2 IHITRATE: 77.8 DHITRATE: 95.5
/u/s/i/sinclair/courses/cs552/spring2023/handouts/testprograms/public/inst_tests/jal_3.asm SUCCESS CPI:11.3 CYCLES:34 ICOUNT:3 IHITRATE: 80.0 DHITRATE: 95.8
/u/s/i/sinclair/courses/cs552/spring2023/handouts/testprograms/public/inst_tests/jal_30.asm SUCCESS CPI:8.0 CYCLES:56 ICOUNT:7 IHITRATE: 90.5 DHITRATE: 105.7
/u/s/i/sinclair/courses/cs552/spring2023/handouts/testprograms/public/inst_tests/jal_31.asm SUCCESS CPI:14.0 CYCLES:56 ICOUNT:4 IHITRATE: 83.3 DHITRATE: 90.6
/u/s/i/sinclair/courses/cs552/spring2023/handouts/testprograms/public/inst_tests/jal_32.asm SUCCESS CPI:15.9 CYCLES:32 ICOUNT:2 IHITRATE: 77.8 DHITRATE: 86.7
/u/s/i/sinclair/courses/cs552/spring2023/handouts/testprograms/public/inst_tests/jal_33.asm SUCCESS CPI:15.9 CYCLES:32 ICOUNT:2 IHITRATE: 77.8 DHITRATE: 95.5
/u/s/i/sinclair/courses/cs552/spring2023/handouts/testprograms/public/inst_tests/jal_35.asm SUCCESS CPI:7.6 CYCLES:38 ICOUNT:5 IHITRATE: 83.3 DHITRATE: 96.4
/u/s/i/sinclair/courses/cs552/spring2023/handouts/testprograms/public/inst_tests/jal_36.asm SUCCESS CPI:8.0 CYCLES:64 ICOUNT:8 IHITRATE: 86.4 DHITRATE: 100.0
/u/s/i/sinclair/courses/cs552/spring2023/handouts/testprograms/public/inst_tests/jal_4.asm SUCCESS CPI:9.0 CYCLES:36 ICOUNT:4 IHITRATE: 81.8 DHITRATE: 96.2
/u/s/i/sinclair/courses/cs552/spring2023/handouts/testprograms/public/inst_tests/jal_5.asm SUCCESS CPI:12.4 CYCLES:62 ICOUNT:5 IHITRATE: 85.7 DHITRATE: 95.6
/u/s/i/sinclair/courses/cs552/spring2023/handouts/testprograms/public/inst_tests/jal_6.asm SUCCESS CPI:9.2 CYCLES:46 ICOUNT:5 IHITRATE: 87.5 DHITRATE: 97.2
/u/s/i/sinclair/courses/cs552/spring2023/handouts/testprograms/public/inst_tests/jal_8.asm SUCCESS CPI:11.3 CYCLES:34 ICOUNT:3 IHITRATE: 80.0 DHITRATE: 95.8
/u/s/i/sinclair/courses/cs552/spring2023/handouts/testprograms/public/inst_tests/jalr_0.asm SUCCESS CPI:16.6 CYCLES:50 ICOUNT:3 IHITRATE: 80.0 DHITRATE: 93.9
/u/s/i/sinclair/courses/cs552/spring2023/handouts/testprograms/public/inst_tests/jalr_1.asm SUCCESS CPI:17.9 CYCLES:54 ICOUNT:3 IHITRATE: 71.4 DHITRATE: 94.6
/u/s/i/sinclair/courses/cs552/spring2023/handouts/testprograms/public/inst_tests/jalr_11.asm SUCCESS CPI:7.5 CYCLES:60 ICOUNT:8 IHITRATE: 85.0 DHITRATE: 100.0
/u/s/i/sinclair/courses/cs552/spring2023/handouts/testprograms/public/inst_tests/jalr_12.asm SUCCESS CPI:12.0 CYCLES:48 ICOUNT:4 IHITRATE: 88.2 DHITRATE: 87.5
/u/s/i/sinclair/courses/cs552/spring2023/handouts/testprograms/public/inst_tests/jalr_13.asm SUCCESS CPI:10.5 CYCLES:42 ICOUNT:4 IHITRATE: 85.7 DHITRATE: 92.0
/u/s/i/sinclair/courses/cs552/spring2023/handouts/testprograms/public/inst_tests/jalr_14.asm SUCCESS CPI:12.0 CYCLES:48 ICOUNT:4 IHITRATE: 88.2 DHITRATE: 87.5
/u/s/i/sinclair/courses/cs552/spring2023/handouts/testprograms/public/inst_tests/jalr_15.asm SUCCESS CPI:10.0 CYCLES:40 ICOUNT:4 IHITRATE: 84.6 DHITRATE: 96.7
/u/s/i/sinclair/courses/cs552/spring2023/handouts/testprograms/public/inst_tests/jalr_16.asm SUCCESS CPI:10.0 CYCLES:40 ICOUNT:4 IHITRATE: 84.6 DHITRATE: 96.7
/u/s/i/sinclair/courses/cs552/spring2023/handouts/testprograms/public/inst_tests/jalr_17.asm SUCCESS CPI:7.0 CYCLES:56 ICOUNT:8 IHITRATE: 83.3 DHITRATE: 94.9
/u/s/i/sinclair/courses/cs552/spring2023/handouts/testprograms/public/inst_tests/jalr_18.asm SUCCESS CPI:8.8 CYCLES:44 ICOUNT:5 IHITRATE: 86.7 DHITRATE: 92.6
/u/s/i/sinclair/courses/cs552/spring2023/handouts/testprograms/public/inst_tests/jalr_19.asm SUCCESS CPI:8.2 CYCLES:66 ICOUNT:8 IHITRATE: 87.0 DHITRATE: 92.9
/u/s/i/sinclair/courses/cs552/spring2023/handouts/testprograms/public/inst_tests/jalr_2.asm SUCCESS CPI:17.9 CYCLES:54 ICOUNT:3 IHITRATE: 71.4 DHITRATE: 94.6
/u/s/i/sinclair/courses/cs552/spring2023/handouts/testprograms/public/inst_tests/jalr_27.asm SUCCESS CPI:10.9 CYCLES:98 ICOUNT:9 IHITRATE: 84.8 DHITRATE: 94.0
/u/s/i/sinclair/courses/cs552/spring2023/handouts/testprograms/public/inst_tests/jalr_28.asm SUCCESS CPI:10.8 CYCLES:54 ICOUNT:5 IHITRATE: 82.4 DHITRATE: 90.0
/u/s/i/sinclair/courses/cs552/spring2023/handouts/testprograms/public/inst_tests/jalr_29.asm SUCCESS CPI:13.3 CYCLES:40 ICOUNT:3 IHITRATE: 84.6 DHITRATE: 91.3
/u/s/i/sinclair/courses/cs552/spring2023/handouts/testprograms/public/inst_tests/jalr_3.asm SUCCESS CPI:18.5 CYCLES:74 ICOUNT:4 IHITRATE: 66.7 DHITRATE: 94.0
/u/s/i/sinclair/courses/cs552/spring2023/handouts/testprograms/public/inst_tests/jalr_30.asm SUCCESS CPI:11.3 CYCLES:34 ICOUNT:3 IHITRATE: 80.0 DHITRATE: 88.2
/u/s/i/sinclair/courses/cs552/spring2023/handouts/testprograms/public/inst_tests/jalr_31.asm SUCCESS CPI:8.0 CYCLES:64 ICOUNT:8 IHITRATE: 92.0 DHITRATE: 104.7
/u/s/i/sinclair/courses/cs552/spring2023/handouts/testprograms/public/inst_tests/jalr_32.asm SUCCESS CPI:11.0 CYCLES:66 ICOUNT:6 IHITRATE: 87.0 DHITRATE: 92.9
/u/s/i/sinclair/courses/cs552/spring2023/handouts/testprograms/public/inst_tests/jalr_33.asm SUCCESS CPI:13.3 CYCLES:40 ICOUNT:3 IHITRATE: 70.0 DHITRATE: 91.3
/u/s/i/sinclair/courses/cs552/spring2023/handouts/testprograms/public/inst_tests/jalr_34.asm SUCCESS CPI:11.3 CYCLES:34 ICOUNT:3 IHITRATE: 80.0 DHITRATE: 88.2
/u/s/i/sinclair/courses/cs552/spring2023/handouts/testprograms/public/inst_tests/jalr_36.asm SUCCESS CPI:11.3 CYCLES:34 ICOUNT:3 IHITRATE: 80.0 DHITRATE: 88.2
/u/s/i/sinclair/courses/cs552/spring2023/handouts/testprograms/public/inst_tests/jalr_4.asm SUCCESS CPI:10.3 CYCLES:72 ICOUNT:7 IHITRATE: 88.5 DHITRATE: 93.8
/u/s/i/sinclair/courses/cs552/spring2023/handouts/testprograms/public/inst_tests/jalr_5.asm SUCCESS CPI:9.6 CYCLES:48 ICOUNT:5 IHITRATE: 88.2 DHITRATE: 102.8
/u/s/i/sinclair/courses/cs552/spring2023/handouts/testprograms/public/inst_tests/jalr_6.asm SUCCESS CPI:8.4 CYCLES:42 ICOUNT:5 IHITRATE: 85.7 DHITRATE: 103.3
/u/s/i/sinclair/courses/cs552/spring2023/handouts/testprograms/public/inst_tests/jalr_7.asm SUCCESS CPI:11.3 CYCLES:68 ICOUNT:6 IHITRATE: 87.5 DHITRATE: 96.1
/u/s/i/sinclair/courses/cs552/spring2023/handouts/testprograms/public/inst_tests/jr_0.asm SUCCESS CPI:14.0 CYCLES:42 ICOUNT:3 IHITRATE: 85.7 DHITRATE: 92.0
/u/s/i/sinclair/courses/cs552/spring2023/handouts/testprograms/public/inst_tests/lbi_0.asm SUCCESS CPI:9.0 CYCLES:54 ICOUNT:6 IHITRATE: 90.0 DHITRATE: 73.3
/u/s/i/sinclair/courses/cs552/spring2023/handouts/testprograms/public/inst_tests/lbi_1.asm SUCCESS CPI:6.0 CYCLES:54 ICOUNT:9 IHITRATE: 82.4 DHITRATE: 94.6
/u/s/i/sinclair/courses/cs552/spring2023/handouts/testprograms/public/inst_tests/ld_0.asm SUCCESS CPI:7.2 CYCLES:36 ICOUNT:5 IHITRATE: 81.8 DHITRATE: 95.8
/u/s/i/sinclair/courses/cs552/spring2023/handouts/testprograms/public/inst_tests/ld_1.asm SUCCESS CPI:8.4 CYCLES:42 ICOUNT:5 IHITRATE: 85.7 DHITRATE: 91.7
/u/s/i/sinclair/courses/cs552/spring2023/handouts/testprograms/public/inst_tests/ld_2.asm SUCCESS CPI:8.4 CYCLES:42 ICOUNT:5 IHITRATE: 85.7 DHITRATE: 91.7
/u/s/i/sinclair/courses/cs552/spring2023/handouts/testprograms/public/inst_tests/ld_3.asm SUCCESS CPI:7.0 CYCLES:70 ICOUNT:10 IHITRATE: 81.8 DHITRATE: 88.9
/u/s/i/sinclair/courses/cs552/spring2023/handouts/testprograms/public/inst_tests/rol_0.asm SUCCESS CPI:7.4 CYCLES:82 ICOUNT:11 IHITRATE: 85.7 DHITRATE: 82.1
/u/s/i/sinclair/courses/cs552/spring2023/handouts/testprograms/public/inst_tests/rol_1.asm SUCCESS CPI:7.8 CYCLES:274 ICOUNT:35 IHITRATE: 90.6 DHITRATE: 62.2
/u/s/i/sinclair/courses/cs552/spring2023/handouts/testprograms/public/inst_tests/roli_0.asm SUCCESS CPI:12.0 CYCLES:36 ICOUNT:3 IHITRATE: 81.8 DHITRATE: 89.5
/u/s/i/sinclair/courses/cs552/spring2023/handouts/testprograms/public/inst_tests/roli_1.asm SUCCESS CPI:12.0 CYCLES:36 ICOUNT:3 IHITRATE: 81.8 DHITRATE: 89.5
/u/s/i/sinclair/courses/cs552/spring2023/handouts/testprograms/public/inst_tests/roli_2.asm SUCCESS CPI:12.0 CYCLES:36 ICOUNT:3 IHITRATE: 81.8 DHITRATE: 89.5
/u/s/i/sinclair/courses/cs552/spring2023/handouts/testprograms/public/inst_tests/roli_3.asm SUCCESS CPI:12.0 CYCLES:36 ICOUNT:3 IHITRATE: 81.8 DHITRATE: 89.5
/u/s/i/sinclair/courses/cs552/spring2023/handouts/testprograms/public/inst_tests/roli_4.asm SUCCESS CPI:12.0 CYCLES:36 ICOUNT:3 IHITRATE: 81.8 DHITRATE: 89.5
/u/s/i/sinclair/courses/cs552/spring2023/handouts/testprograms/public/inst_tests/ror_0.asm SUCCESS CPI:9.5 CYCLES:38 ICOUNT:4 IHITRATE: 83.3 DHITRATE: 90.5
/u/s/i/sinclair/courses/cs552/spring2023/handouts/testprograms/public/inst_tests/ror_1.asm SUCCESS CPI:8.0 CYCLES:32 ICOUNT:4 IHITRATE: 77.8 DHITRATE: 95.5
/u/s/i/sinclair/courses/cs552/spring2023/handouts/testprograms/public/inst_tests/ror_2.asm SUCCESS CPI:9.5 CYCLES:38 ICOUNT:4 IHITRATE: 83.3 DHITRATE: 95.0
/u/s/i/sinclair/courses/cs552/spring2023/handouts/testprograms/public/inst_tests/ror_3.asm SUCCESS CPI:9.5 CYCLES:38 ICOUNT:4 IHITRATE: 83.3 DHITRATE: 90.5
/u/s/i/sinclair/courses/cs552/spring2023/handouts/testprograms/public/inst_tests/ror_4.asm SUCCESS CPI:9.5 CYCLES:38 ICOUNT:4 IHITRATE: 83.3 DHITRATE: 90.5
/u/s/i/sinclair/courses/cs552/spring2023/handouts/testprograms/public/inst_tests/ror_6.asm SUCCESS CPI:9.5 CYCLES:38 ICOUNT:4 IHITRATE: 83.3 DHITRATE: 90.5
/u/s/i/sinclair/courses/cs552/spring2023/handouts/testprograms/public/inst_tests/rori_0.asm SUCCESS CPI:5.4 CYCLES:190 ICOUNT:35 IHITRATE: 84.4 DHITRATE: 141.7
/u/s/i/sinclair/courses/cs552/spring2023/handouts/testprograms/public/inst_tests/sco_0.asm SUCCESS CPI:9.5 CYCLES:38 ICOUNT:4 IHITRATE: 83.3 DHITRATE: 90.5
/u/s/i/sinclair/courses/cs552/spring2023/handouts/testprograms/public/inst_tests/sco_1.asm SUCCESS CPI:9.5 CYCLES:38 ICOUNT:4 IHITRATE: 83.3 DHITRATE: 95.0
/u/s/i/sinclair/courses/cs552/spring2023/handouts/testprograms/public/inst_tests/sco_2.asm SUCCESS CPI:7.0 CYCLES:42 ICOUNT:6 IHITRATE: 85.7 DHITRATE: 95.8
/u/s/i/sinclair/courses/cs552/spring2023/handouts/testprograms/public/inst_tests/seq_0.asm SUCCESS CPI:5.8 CYCLES:408 ICOUNT:70 IHITRATE: 88.8 DHITRATE: 124.5
/u/s/i/sinclair/courses/cs552/spring2023/handouts/testprograms/public/inst_tests/seq_1.asm SUCCESS CPI:8.0 CYCLES:32 ICOUNT:4 IHITRATE: 77.8 DHITRATE: 105.0
/u/s/i/sinclair/courses/cs552/spring2023/handouts/testprograms/public/inst_tests/seq_2.asm SUCCESS CPI:9.5 CYCLES:38 ICOUNT:4 IHITRATE: 83.3 DHITRATE: 84.6
/u/s/i/sinclair/courses/cs552/spring2023/handouts/testprograms/public/inst_tests/seq_3.asm SUCCESS CPI:8.0 CYCLES:32 ICOUNT:4 IHITRATE: 77.8 DHITRATE: 92.9
/u/s/i/sinclair/courses/cs552/spring2023/handouts/testprograms/public/inst_tests/seq_4.asm SUCCESS CPI:9.5 CYCLES:38 ICOUNT:4 IHITRATE: 83.3 DHITRATE: 84.6
/u/s/i/sinclair/courses/cs552/spring2023/handouts/testprograms/public/inst_tests/seq_5.asm SUCCESS CPI:8.0 CYCLES:32 ICOUNT:4 IHITRATE: 77.8 DHITRATE: 92.9
/u/s/i/sinclair/courses/cs552/spring2023/handouts/testprograms/public/inst_tests/seq_6.asm SUCCESS CPI:8.0 CYCLES:32 ICOUNT:4 IHITRATE: 77.8 DHITRATE: 92.9
/u/s/i/sinclair/courses/cs552/spring2023/handouts/testprograms/public/inst_tests/seq_7.asm SUCCESS CPI:8.0 CYCLES:32 ICOUNT:4 IHITRATE: 77.8 DHITRATE: 92.9
/u/s/i/sinclair/courses/cs552/spring2023/handouts/testprograms/public/inst_tests/seq_8.asm SUCCESS CPI:8.0 CYCLES:32 ICOUNT:4 IHITRATE: 77.8 DHITRATE: 92.9
/u/s/i/sinclair/courses/cs552/spring2023/handouts/testprograms/public/inst_tests/seq_9.asm SUCCESS CPI:9.5 CYCLES:38 ICOUNT:4 IHITRATE: 83.3 DHITRATE: 84.6
/u/s/i/sinclair/courses/cs552/spring2023/handouts/testprograms/public/inst_tests/siic_0.asm RELAX-PASS
/u/s/i/sinclair/courses/cs552/spring2023/handouts/testprograms/public/inst_tests/slbi_0.asm SUCCESS CPI:12.0 CYCLES:36 ICOUNT:3 IHITRATE: 81.8 DHITRATE: 89.5
/u/s/i/sinclair/courses/cs552/spring2023/handouts/testprograms/public/inst_tests/slbi_1.asm SUCCESS CPI:10.0 CYCLES:30 ICOUNT:3 IHITRATE: 75.0 DHITRATE: 95.0
/u/s/i/sinclair/courses/cs552/spring2023/handouts/testprograms/public/inst_tests/slbi_2.asm SUCCESS CPI:12.0 CYCLES:36 ICOUNT:3 IHITRATE: 81.8 DHITRATE: 89.5
/u/s/i/sinclair/courses/cs552/spring2023/handouts/testprograms/public/inst_tests/sle_0.asm SUCCESS CPI:6.7 CYCLES:248 ICOUNT:37 IHITRATE: 89.2 DHITRATE: 108.5
/u/s/i/sinclair/courses/cs552/spring2023/handouts/testprograms/public/inst_tests/sle_1.asm SUCCESS CPI:9.2 CYCLES:46 ICOUNT:5 IHITRATE: 87.5 DHITRATE: 86.4
/u/s/i/sinclair/courses/cs552/spring2023/handouts/testprograms/public/inst_tests/sle_2.asm SUCCESS CPI:6.8 CYCLES:34 ICOUNT:5 IHITRATE: 80.0 DHITRATE: 95.8
/u/s/i/sinclair/courses/cs552/spring2023/handouts/testprograms/public/inst_tests/sle_3.asm SUCCESS CPI:9.2 CYCLES:46 ICOUNT:5 IHITRATE: 87.5 DHITRATE: 86.4
/u/s/i/sinclair/courses/cs552/spring2023/handouts/testprograms/public/inst_tests/sle_4.asm SUCCESS CPI:9.2 CYCLES:46 ICOUNT:5 IHITRATE: 87.5 DHITRATE: 86.4
/u/s/i/sinclair/courses/cs552/spring2023/handouts/testprograms/public/inst_tests/sle_5.asm SUCCESS CPI:6.8 CYCLES:34 ICOUNT:5 IHITRATE: 80.0 DHITRATE: 95.8
/u/s/i/sinclair/courses/cs552/spring2023/handouts/testprograms/public/inst_tests/sle_6.asm SUCCESS CPI:9.2 CYCLES:46 ICOUNT:5 IHITRATE: 87.5 DHITRATE: 73.3
/u/s/i/sinclair/courses/cs552/spring2023/handouts/testprograms/public/inst_tests/sll_0.asm SUCCESS CPI:8.0 CYCLES:32 ICOUNT:4 IHITRATE: 77.8 DHITRATE: 95.5
/u/s/i/sinclair/courses/cs552/spring2023/handouts/testprograms/public/inst_tests/sll_1.asm SUCCESS CPI:9.5 CYCLES:38 ICOUNT:4 IHITRATE: 83.3 DHITRATE: 90.5
/u/s/i/sinclair/courses/cs552/spring2023/handouts/testprograms/public/inst_tests/sll_2.asm SUCCESS CPI:9.5 CYCLES:38 ICOUNT:4 IHITRATE: 83.3 DHITRATE: 95.0
/u/s/i/sinclair/courses/cs552/spring2023/handouts/testprograms/public/inst_tests/sll_3.asm SUCCESS CPI:8.0 CYCLES:32 ICOUNT:4 IHITRATE: 77.8 DHITRATE: 95.5
/u/s/i/sinclair/courses/cs552/spring2023/handouts/testprograms/public/inst_tests/sll_4.asm SUCCESS CPI:9.5 CYCLES:38 ICOUNT:4 IHITRATE: 83.3 DHITRATE: 90.5
/u/s/i/sinclair/courses/cs552/spring2023/handouts/testprograms/public/inst_tests/slli_0.asm SUCCESS CPI:8.7 CYCLES:78 ICOUNT:9 IHITRATE: 89.7 DHITRATE: 57.9
/u/s/i/sinclair/courses/cs552/spring2023/handouts/testprograms/public/inst_tests/slli_1.asm SUCCESS CPI:7.0 CYCLES:42 ICOUNT:6 IHITRATE: 85.7 DHITRATE: 100.0
/u/s/i/sinclair/courses/cs552/spring2023/handouts/testprograms/public/inst_tests/slli_2.asm SUCCESS CPI:9.2 CYCLES:46 ICOUNT:5 IHITRATE: 87.5 DHITRATE: 73.3
/u/s/i/sinclair/courses/cs552/spring2023/handouts/testprograms/public/inst_tests/slt_0.asm SUCCESS CPI:8.0 CYCLES:32 ICOUNT:4 IHITRATE: 77.8 DHITRATE: 105.0
/u/s/i/sinclair/courses/cs552/spring2023/handouts/testprograms/public/inst_tests/slt_1.asm SUCCESS CPI:9.5 CYCLES:38 ICOUNT:4 IHITRATE: 83.3 DHITRATE: 95.0
/u/s/i/sinclair/courses/cs552/spring2023/handouts/testprograms/public/inst_tests/slt_2.asm SUCCESS CPI:10.0 CYCLES:30 ICOUNT:3 IHITRATE: 75.0 DHITRATE: 95.0
/u/s/i/sinclair/courses/cs552/spring2023/handouts/testprograms/public/inst_tests/slt_5.asm SUCCESS CPI:5.6 CYCLES:56 ICOUNT:10 IHITRATE: 83.3 DHITRATE: 142.3
/u/s/i/sinclair/courses/cs552/spring2023/handouts/testprograms/public/inst_tests/srl_0.asm SUCCESS CPI:8.0 CYCLES:40 ICOUNT:5 IHITRATE: 84.6 DHITRATE: 81.2
/u/s/i/sinclair/courses/cs552/spring2023/handouts/testprograms/public/inst_tests/srl_1.asm SUCCESS CPI:8.0 CYCLES:48 ICOUNT:6 IHITRATE: 88.2 DHITRATE: 81.2
/u/s/i/sinclair/courses/cs552/spring2023/handouts/testprograms/public/inst_tests/srl_2.asm SUCCESS CPI:6.8 CYCLES:34 ICOUNT:5 IHITRATE: 80.0 DHITRATE: 100.0
/u/s/i/sinclair/courses/cs552/spring2023/handouts/testprograms/public/inst_tests/srl_3.asm SUCCESS CPI:8.0 CYCLES:40 ICOUNT:5 IHITRATE: 84.6 DHITRATE: 86.7
/u/s/i/sinclair/courses/cs552/spring2023/handouts/testprograms/public/inst_tests/srl_4.asm SUCCESS CPI:8.0 CYCLES:40 ICOUNT:5 IHITRATE: 84.6 DHITRATE: 86.7
/u/s/i/sinclair/courses/cs552/spring2023/handouts/testprograms/public/inst_tests/srli_0.asm SUCCESS CPI:12.0 CYCLES:36 ICOUNT:3 IHITRATE: 81.8 DHITRATE: 94.4
/u/s/i/sinclair/courses/cs552/spring2023/handouts/testprograms/public/inst_tests/srli_1.asm SUCCESS CPI:12.0 CYCLES:36 ICOUNT:3 IHITRATE: 81.8 DHITRATE: 94.4
/u/s/i/sinclair/courses/cs552/spring2023/handouts/testprograms/public/inst_tests/srli_2.asm SUCCESS CPI:12.0 CYCLES:36 ICOUNT:3 IHITRATE: 81.8 DHITRATE: 94.4
/u/s/i/sinclair/courses/cs552/spring2023/handouts/testprograms/public/inst_tests/st_0.asm SUCCESS CPI:9.6 CYCLES:48 ICOUNT:5 IHITRATE: 88.2 DHITRATE: 86.4
/u/s/i/sinclair/courses/cs552/spring2023/handouts/testprograms/public/inst_tests/st_1.asm SUCCESS CPI:9.6 CYCLES:48 ICOUNT:5 IHITRATE: 88.2 DHITRATE: 86.4
/u/s/i/sinclair/courses/cs552/spring2023/handouts/testprograms/public/inst_tests/st_10.asm SUCCESS CPI:14.6 CYCLES:44 ICOUNT:3 IHITRATE: 86.7 DHITRATE: 85.0
/u/s/i/sinclair/courses/cs552/spring2023/handouts/testprograms/public/inst_tests/st_2.asm SUCCESS CPI:9.6 CYCLES:48 ICOUNT:5 IHITRATE: 88.2 DHITRATE: 87.0
/u/s/i/sinclair/courses/cs552/spring2023/handouts/testprograms/public/inst_tests/st_3.asm SUCCESS CPI:8.3 CYCLES:50 ICOUNT:6 IHITRATE: 80.0 DHITRATE: 87.5
/u/s/i/sinclair/courses/cs552/spring2023/handouts/testprograms/public/inst_tests/st_4.asm SUCCESS CPI:10.6 CYCLES:32 ICOUNT:3 IHITRATE: 77.8 DHITRATE: 95.2
/u/s/i/sinclair/courses/cs552/spring2023/handouts/testprograms/public/inst_tests/st_5.asm SUCCESS CPI:12.6 CYCLES:38 ICOUNT:3 IHITRATE: 83.3 DHITRATE: 90.5
/u/s/i/sinclair/courses/cs552/spring2023/handouts/testprograms/public/inst_tests/st_6.asm SUCCESS CPI:14.6 CYCLES:44 ICOUNT:3 IHITRATE: 86.7 DHITRATE: 85.0
/u/s/i/sinclair/courses/cs552/spring2023/handouts/testprograms/public/inst_tests/st_7.asm SUCCESS CPI:14.6 CYCLES:44 ICOUNT:3 IHITRATE: 86.7 DHITRATE: 85.0
/u/s/i/sinclair/courses/cs552/spring2023/handouts/testprograms/public/inst_tests/st_8.asm SUCCESS CPI:12.6 CYCLES:38 ICOUNT:3 IHITRATE: 83.3 DHITRATE: 90.0
/u/s/i/sinclair/courses/cs552/spring2023/handouts/testprograms/public/inst_tests/st_9.asm SUCCESS CPI:12.6 CYCLES:38 ICOUNT:3 IHITRATE: 83.3 DHITRATE: 90.0
/u/s/i/sinclair/courses/cs552/spring2023/handouts/testprograms/public/inst_tests/stu_0.asm SUCCESS CPI:6.8 CYCLES:34 ICOUNT:5 IHITRATE: 80.0 DHITRATE: 95.5
/u/s/i/sinclair/courses/cs552/spring2023/handouts/testprograms/public/inst_tests/stu_1.asm SUCCESS CPI:8.0 CYCLES:40 ICOUNT:5 IHITRATE: 84.6 DHITRATE: 90.9
/u/s/i/sinclair/courses/cs552/spring2023/handouts/testprograms/public/inst_tests/stu_2.asm SUCCESS CPI:8.0 CYCLES:40 ICOUNT:5 IHITRATE: 84.6 DHITRATE: 90.9
/u/s/i/sinclair/courses/cs552/spring2023/handouts/testprograms/public/inst_tests/sub_0.asm SUCCESS CPI:6.8 CYCLES:34 ICOUNT:5 IHITRATE: 80.0 DHITRATE: 95.8
/u/s/i/sinclair/courses/cs552/spring2023/handouts/testprograms/public/inst_tests/sub_1.asm SUCCESS CPI:7.0 CYCLES:42 ICOUNT:6 IHITRATE: 85.7 DHITRATE: 95.8
/u/s/i/sinclair/courses/cs552/spring2023/handouts/testprograms/public/inst_tests/sub_2.asm SUCCESS CPI:9.5 CYCLES:38 ICOUNT:4 IHITRATE: 83.3 DHITRATE: 95.0
/u/s/i/sinclair/courses/cs552/spring2023/handouts/testprograms/public/inst_tests/sub_3.asm SUCCESS CPI:9.5 CYCLES:38 ICOUNT:4 IHITRATE: 83.3 DHITRATE: 90.5
/u/s/i/sinclair/courses/cs552/spring2023/handouts/testprograms/public/inst_tests/sub_4.asm SUCCESS CPI:9.5 CYCLES:38 ICOUNT:4 IHITRATE: 83.3 DHITRATE: 90.5
/u/s/i/sinclair/courses/cs552/spring2023/handouts/testprograms/public/inst_tests/sub_5.asm SUCCESS CPI:9.5 CYCLES:38 ICOUNT:4 IHITRATE: 83.3 DHITRATE: 90.5
/u/s/i/sinclair/courses/cs552/spring2023/handouts/testprograms/public/inst_tests/sub_6.asm SUCCESS CPI:10.0 CYCLES:30 ICOUNT:3 IHITRATE: 75.0 DHITRATE: 95.0
/u/s/i/sinclair/courses/cs552/spring2023/handouts/testprograms/public/inst_tests/sub_7.asm SUCCESS CPI:10.0 CYCLES:30 ICOUNT:3 IHITRATE: 75.0 DHITRATE: 95.0
/u/s/i/sinclair/courses/cs552/spring2023/handouts/testprograms/public/inst_tests/subi_0.asm SUCCESS CPI:10.0 CYCLES:30 ICOUNT:3 IHITRATE: 75.0 DHITRATE: 105.6
/u/s/i/sinclair/courses/cs552/spring2023/handouts/testprograms/public/inst_tests/subi_1.asm SUCCESS CPI:12.0 CYCLES:36 ICOUNT:3 IHITRATE: 81.8 DHITRATE: 89.5
/u/s/i/sinclair/courses/cs552/spring2023/handouts/testprograms/public/inst_tests/subi_2.asm SUCCESS CPI:12.0 CYCLES:36 ICOUNT:3 IHITRATE: 81.8 DHITRATE: 94.4
/u/s/i/sinclair/courses/cs552/spring2023/handouts/testprograms/public/inst_tests/xor_0.asm SUCCESS CPI:10.0 CYCLES:30 ICOUNT:3 IHITRATE: 75.0 DHITRATE: 95.0
/u/s/i/sinclair/courses/cs552/spring2023/handouts/testprograms/public/inst_tests/xor_1.asm SUCCESS CPI:9.5 CYCLES:38 ICOUNT:4 IHITRATE: 83.3 DHITRATE: 95.0
/u/s/i/sinclair/courses/cs552/spring2023/handouts/testprograms/public/inst_tests/xor_2.asm SUCCESS CPI:9.5 CYCLES:38 ICOUNT:4 IHITRATE: 83.3 DHITRATE: 95.0
/u/s/i/sinclair/courses/cs552/spring2023/handouts/testprograms/public/inst_tests/xor_3.asm SUCCESS CPI:9.5 CYCLES:38 ICOUNT:4 IHITRATE: 83.3 DHITRATE: 95.0
/u/s/i/sinclair/courses/cs552/spring2023/handouts/testprograms/public/inst_tests/xor_4.asm SUCCESS CPI:9.5 CYCLES:38 ICOUNT:4 IHITRATE: 83.3 DHITRATE: 95.0
/u/s/i/sinclair/courses/cs552/spring2023/handouts/testprograms/public/inst_tests/xor_5.asm SUCCESS CPI:10.0 CYCLES:30 ICOUNT:3 IHITRATE: 75.0 DHITRATE: 95.0
/u/s/i/sinclair/courses/cs552/spring2023/handouts/testprograms/public/inst_tests/xor_6.asm SUCCESS CPI:9.2 CYCLES:46 ICOUNT:5 IHITRATE: 87.5 DHITRATE: 90.5
/u/s/i/sinclair/courses/cs552/spring2023/handouts/testprograms/public/inst_tests/xori_0.asm SUCCESS CPI:10.0 CYCLES:30 ICOUNT:3 IHITRATE: 75.0 DHITRATE: 95.0
/u/s/i/sinclair/courses/cs552/spring2023/handouts/testprograms/public/inst_tests/xori_1.asm SUCCESS CPI:10.0 CYCLES:30 ICOUNT:3 IHITRATE: 75.0 DHITRATE: 95.0
/u/s/i/sinclair/courses/cs552/spring2023/handouts/testprograms/public/inst_tests/xori_10.asm SUCCESS CPI:12.0 CYCLES:36 ICOUNT:3 IHITRATE: 81.8 DHITRATE: 94.4
/u/s/i/sinclair/courses/cs552/spring2023/handouts/testprograms/public/inst_tests/xori_11.asm SUCCESS CPI:12.0 CYCLES:36 ICOUNT:3 IHITRATE: 81.8 DHITRATE: 94.4
/u/s/i/sinclair/courses/cs552/spring2023/handouts/testprograms/public/inst_tests/xori_12.asm SUCCESS CPI:12.0 CYCLES:36 ICOUNT:3 IHITRATE: 81.8 DHITRATE: 89.5
/u/s/i/sinclair/courses/cs552/spring2023/handouts/testprograms/public/inst_tests/xori_13.asm SUCCESS CPI:12.0 CYCLES:36 ICOUNT:3 IHITRATE: 81.8 DHITRATE: 89.5
/u/s/i/sinclair/courses/cs552/spring2023/handouts/testprograms/public/inst_tests/xori_2.asm SUCCESS CPI:12.0 CYCLES:36 ICOUNT:3 IHITRATE: 81.8 DHITRATE: 94.4
/u/s/i/sinclair/courses/cs552/spring2023/handouts/testprograms/public/inst_tests/xori_3.asm SUCCESS CPI:12.0 CYCLES:36 ICOUNT:3 IHITRATE: 81.8 DHITRATE: 94.4
/u/s/i/sinclair/courses/cs552/spring2023/handouts/testprograms/public/inst_tests/xori_4.asm SUCCESS CPI:12.0 CYCLES:36 ICOUNT:3 IHITRATE: 81.8 DHITRATE: 94.4
/u/s/i/sinclair/courses/cs552/spring2023/handouts/testprograms/public/inst_tests/xori_5.asm SUCCESS CPI:10.0 CYCLES:30 ICOUNT:3 IHITRATE: 75.0 DHITRATE: 105.6
/u/s/i/sinclair/courses/cs552/spring2023/handouts/testprograms/public/inst_tests/xori_6.asm SUCCESS CPI:10.0 CYCLES:30 ICOUNT:3 IHITRATE: 75.0 DHITRATE: 105.6
/u/s/i/sinclair/courses/cs552/spring2023/handouts/testprograms/public/inst_tests/xori_7.asm SUCCESS CPI:10.0 CYCLES:30 ICOUNT:3 IHITRATE: 75.0 DHITRATE: 95.0
/u/s/i/sinclair/courses/cs552/spring2023/handouts/testprograms/public/inst_tests/xori_8.asm SUCCESS CPI:12.0 CYCLES:36 ICOUNT:3 IHITRATE: 81.8 DHITRATE: 94.4
/u/s/i/sinclair/courses/cs552/spring2023/handouts/testprograms/public/inst_tests/xori_9.asm SUCCESS CPI:12.0 CYCLES:36 ICOUNT:3 IHITRATE: 81.8 DHITRATE: 94.4
